/Users/mohsenazimi/code/tsz/TypeScript/tests/cases/compiler/unknownSymbols1.ts:2:9 - error TS2304: Cannot find name 'asdf'.
    2   var x = asdf;
               ~~~~~
/Users/mohsenazimi/code/tsz/TypeScript/tests/cases/compiler/unknownSymbols1.ts:3:8 - error TS2304: Cannot find name 'asdf'.
    3   var y: asdf;
              ~~~~~
/Users/mohsenazimi/code/tsz/TypeScript/tests/cases/compiler/unknownSymbols1.ts:5:17 - error TS2304: Cannot find name 'asdf'.
    5   function foo(x: asdf, y: number): asdf { }
                       ~~~~~~~~~~~~~~~~~~~~~~~~~~
/Users/mohsenazimi/code/tsz/TypeScript/tests/cases/compiler/unknownSymbols1.ts:5:35 - error TS2304: Cannot find name 'asdf'.
    5   function foo(x: asdf, y: number): asdf { }
                                         ~~~~~~~~
/Users/mohsenazimi/code/tsz/TypeScript/tests/cases/compiler/unknownSymbols1.ts:7:12 - error TS2304: Cannot find name 'asdf'.
    7       return asdf;
                  ~~~~~
/Users/mohsenazimi/code/tsz/TypeScript/tests/cases/compiler/unknownSymbols1.ts:10:10 - error TS2304: Cannot find name 'asdf'.
   10   var z = <asdf>x; // should be an error
                ~~~~~~~~~~~~~~~~~~~~~~~~~~~~~
/Users/mohsenazimi/code/tsz/TypeScript/tests/cases/compiler/unknownSymbols1.ts:13:10 - error TS2304: Cannot find name 'asdf'.
   13       foo: asdf;
                ~~~~~
/Users/mohsenazimi/code/tsz/TypeScript/tests/cases/compiler/unknownSymbols1.ts:13:10 - error TS2304: Cannot find name 'asdf'.
   13       foo: asdf;
                ~~~~~
/Users/mohsenazimi/code/tsz/TypeScript/tests/cases/compiler/unknownSymbols1.ts:13:10 - error TS2304: Cannot find name 'asdf'.
   13       foo: asdf;
                ~~~~~
/Users/mohsenazimi/code/tsz/TypeScript/tests/cases/compiler/unknownSymbols1.ts:13:10 - error TS2304: Cannot find name 'asdf'.
   13       foo: asdf;
                ~~~~~
/Users/mohsenazimi/code/tsz/TypeScript/tests/cases/compiler/unknownSymbols1.ts:14:12 - error TS2304: Cannot find name 'asdf'.
   14       bar: C<asdf>;
                  ~~~~~~
/Users/mohsenazimi/code/tsz/TypeScript/tests/cases/compiler/unknownSymbols1.ts:14:12 - error TS2304: Cannot find name 'asdf'.
   14       bar: C<asdf>;
                  ~~~~~~
/Users/mohsenazimi/code/tsz/TypeScript/tests/cases/compiler/unknownSymbols1.ts:14:12 - error TS2304: Cannot find name 'asdf'.
   14       bar: C<asdf>;
                  ~~~~~~
/Users/mohsenazimi/code/tsz/TypeScript/tests/cases/compiler/unknownSymbols1.ts:14:12 - error TS2304: Cannot find name 'asdf'.
   14       bar: C<asdf>;
                  ~~~~~~
/Users/mohsenazimi/code/tsz/TypeScript/tests/cases/compiler/unknownSymbols1.ts:17:21 - error TS2304: Cannot find name 'asdf'.
   17   class C2 implements asdf { }
                           ~~~~~~~~
/Users/mohsenazimi/code/tsz/TypeScript/tests/cases/compiler/unknownSymbols1.ts:18:21 - error TS2304: Cannot find name 'adsf'.
   18   interface I extends adsf { }
                           ~~~~~~~~
/Users/mohsenazimi/code/tsz/TypeScript/tests/cases/compiler/unknownSymbols1.ts:23:15 - error TS2304: Cannot find name 'asdf'.
   23           super(asdf);
                     ~~~~~~
/Users/mohsenazimi/code/tsz/TypeScript/tests/cases/compiler/unknownSymbols1.ts:31:9 - error TS2339: Property 'asdf' does not exist on type '{}'.
   31           this.asdf = asdf;
               ~~~~~~~~~~~~~~~~~
/Users/mohsenazimi/code/tsz/TypeScript/tests/cases/compiler/unknownSymbols1.ts:31:21 - error TS2304: Cannot find name 'asdf'.
   31           this.asdf = asdf;
                           ~~~~~
