{
  "version": 1,
  "issue": {
    "number": 72,
    "title": "Fix unit tests",
    "body": "## Solver\n\n```\n2026-01-20T13:03:40.5487877Z failures:\n2026-01-20T13:03:40.5488071Z     solver::evaluate::tests::test_conditional_infer_array_element_with_constraint\n2026-01-20T13:03:40.5488327Z     solver::evaluate::tests::test_conditional_infer_call_signature_param_from_function_distributive\n2026-01-20T13:03:40.5488588Z     solver::evaluate::tests::test_conditional_infer_call_signature_return_from_function_distributive\n2026-01-20T13:03:40.5488787Z     solver::evaluate::tests::test_conditional_infer_extract_state_union_distributive\n2026-01-20T13:03:40.5489024Z     solver::evaluate::tests::test_conditional_infer_nested_object_property_non_matching_branch\n2026-01-20T13:03:40.5489243Z     solver::evaluate::tests::test_conditional_infer_nested_object_property_with_constraint\n2026-01-20T13:03:40.5489444Z     solver::evaluate::tests::test_conditional_infer_object_call_signature_distributive\n2026-01-20T13:03:40.5489694Z     solver::evaluate::tests::test_conditional_infer_object_call_signature_non_callable_union_branch\n2026-01-20T13:03:40.5490082Z     solver::evaluate::tests::test_conditional_infer_object_call_signature_non_distributive_union_input\n2026-01-20T13:03:40.5490349Z     solver::evaluate::tests::test_conditional_infer_object_call_signature_optional_param_distributive\n2026-01-20T13:03:40.5490662Z     solver::evaluate::tests::test_conditional_infer_object_call_signature_optional_param_non_distributive_union_input\n2026-01-20T13:03:40.5491013Z     solver::evaluate::tests::test_conditional_infer_object_call_signature_rest_param_distributive\n2026-01-20T13:03:40.5491313Z     solver::evaluate::tests::test_conditional_infer_object_call_signature_rest_param_non_distributive_union_input\n2026-01-20T13:03:40.5491536Z     solver::evaluate::tests::test_conditional_infer_object_property_non_object_union_branch\n2026-01-20T13:03:40.5491736Z     solver::evaluate::tests::test_conditional_infer_object_property_with_constraint\n2026-01-20T13:03:40.5491927Z     solver::evaluate::tests::test_distribution_over_intersection_with_primitives\n2026-01-20T13:03:40.5492064Z     solver::evaluate::tests::test_distributive_with_any_input\n2026-01-20T13:03:40.5492240Z     solver::evaluate::tests::test_keyof_intersection_both_index_signatures\n2026-01-20T13:03:40.5492403Z     solver::evaluate::tests::test_keyof_intersection_with_index_signature\n2026-01-20T13:03:40.5492556Z     solver::evaluate::tests::test_mapped_type_key_remap_filters_keys\n2026-01-20T13:03:40.5492722Z     solver::evaluate::tests::test_module_augmentation_namespace_merge\n2026-01-20T13:03:40.5492885Z     solver::evaluate::tests::test_return_type_type_predicate_function\n2026-01-20T13:03:40.5493062Z     solver::evaluate::tests::test_template_literal_specific_extends_pattern\n2026-01-20T13:03:40.5493255Z     solver::evaluate_tests::test_conditional_infer_array_element_with_constraint\n2026-01-20T13:03:40.5493504Z     solver::evaluate_tests::test_conditional_infer_call_signature_param_from_function_distributive\n2026-01-20T13:03:40.5493756Z     solver::evaluate_tests::test_conditional_infer_call_signature_return_from_function_distributive\n2026-01-20T13:03:40.5493955Z     solver::evaluate_tests::test_conditional_infer_extract_state_union_distributive\n2026-01-20T13:03:40.5494198Z     solver::evaluate_tests::test_conditional_infer_nested_object_property_non_matching_branch\n2026-01-20T13:03:40.5494417Z     solver::evaluate_tests::test_conditional_infer_nested_object_property_with_constraint\n2026-01-20T13:03:40.5494626Z     solver::evaluate_tests::test_conditional_infer_object_call_signature_distributive\n2026-01-20T13:03:40.5494873Z     solver::evaluate_tests::test_conditional_infer_object_call_signature_non_callable_union_branch\n2026-01-20T13:03:40.5495130Z     solver::evaluate_tests::test_conditional_infer_object_call_signature_non_distributive_union_input\n2026-01-20T13:03:40.5495388Z     solver::evaluate_tests::test_conditional_infer_object_call_signature_optional_param_distributive\n2026-01-20T13:03:40.5495698Z     solver::evaluate_tests::test_conditional_infer_object_call_signature_optional_param_non_distributive_union_input\n2026-01-20T13:03:40.5495942Z     solver::evaluate_tests::test_conditional_infer_object_call_signature_rest_param_distributive\n2026-01-20T13:03:40.5496476Z     solver::evaluate_tests::test_conditional_infer_object_call_signature_rest_param_non_distributive_union_input\n2026-01-20T13:03:40.5496701Z     solver::evaluate_tests::test_conditional_infer_object_property_non_object_union_branch\n2026-01-20T13:03:40.5496903Z     solver::evaluate_tests::test_conditional_infer_object_property_with_constraint\n2026-01-20T13:03:40.5497097Z     solver::evaluate_tests::test_distribution_over_intersection_with_primitives\n2026-01-20T13:03:40.5497231Z     solver::evaluate_tests::test_distributive_with_any_input\n2026-01-20T13:03:40.5497396Z     solver::evaluate_tests::test_keyof_intersection_both_index_signatures\n2026-01-20T13:03:40.5497567Z     solver::evaluate_tests::test_keyof_intersection_with_index_signature\n2026-01-20T13:03:40.5497859Z     solver::evaluate_tests::test_mapped_type_key_remap_filters_keys\n2026-01-20T13:03:40.5498020Z     solver::evaluate_tests::test_module_augmentation_namespace_merge\n2026-01-20T13:03:40.5498179Z     solver::evaluate_tests::test_return_type_type_predicate_function\n2026-01-20T13:03:40.5498363Z     solver::evaluate_tests::test_template_literal_specific_extends_pattern\n2026-01-20T13:03:40.5498565Z     solver::infer::tests::test_resolve_bounds_function_this_parameter_optional_target\n2026-01-20T13:03:40.5498792Z     solver::infer::tests::test_variance_conditional_type\n2026-01-20T13:03:40.5498996Z     solver::infer_tests::test_resolve_bounds_function_this_parameter_optional_target\n2026-01-20T13:03:40.5499117Z     solver::infer_tests::test_variance_conditional_type\n2026-01-20T13:03:40.5499352Z     solver::integration_tests::error_detection_tests::test_function_parameter_count_mismatch\n2026-01-20T13:03:40.5499642Z     solver::integration_tests::generic_strictness_tests::test_generic_with_constraint_uses_constraint_not_any\n2026-01-20T13:03:40.5499866Z     solver::integration_tests::generic_strictness_tests::test_multiple_generic_constraints\n2026-01-20T13:03:40.5500137Z     solver::integration_tests::generic_strictness_tests::test_unconstrained_generic_fallback_to_unknown\n2026-01-20T13:03:40.5500382Z     solver::integration_tests::lawyer_strict_mode_tests::test_any_in_complex_structure_strict_mode\n2026-01-20T13:03:40.5500645Z     solver::integration_tests::lawyer_strict_mode_tests::test_strict_mode_any_does_not_suppress_errors\n2026-01-20T13:03:40.5500915Z     solver::integration_tests::unknown_fallback_tests::test_function_this_parameter_fallback_to_unknown\n2026-01-20T13:03:40.5501120Z     solver::operations::tests::test_infer_generic_constraint_depends_on_prior_param\n2026-01-20T13:03:40.5501349Z     solver::operations::tests::test_infer_generic_number_index_ignores_negative_zero_property\n2026-01-20T13:03:40.5501604Z     solver::operations::tests::test_infer_generic_number_index_ignores_noncanonical_numeric_property\n2026-01-20T13:03:40.5501836Z     solver::operations::tests::test_infer_generic_tuple_rest_in_tuple_param_from_rest_argument\n2026-01-20T13:03:40.5502035Z     solver::operations_tests::test_infer_generic_constraint_depends_on_prior_param\n2026-01-20T13:03:40.5502257Z     solver::operations_tests::test_infer_generic_number_index_ignores_negative_zero_property\n2026-01-20T13:03:40.5502512Z     solver::operations_tests::test_infer_generic_number_index_ignores_noncanonical_numeric_property\n2026-01-20T13:03:40.5502747Z     solver::operations_tests::test_infer_generic_tuple_rest_in_tuple_param_from_rest_argument\n2026-01-20T13:03:40.5502861Z     solver::subtype::tests::test_array_intersection\n2026-01-20T13:03:40.5503004Z     solver::subtype::tests::test_constructor_optional_parameter\n2026-01-20T13:03:40.5503181Z     solver::subtype::tests::test_fn_optional_param_mixed_required_optional\n2026-01-20T13:03:40.5503333Z     solver::subtype::tests::test_fn_optional_param_multiple_optional\n2026-01-20T13:03:40.5503496Z     solver::subtype::tests::test_fn_optional_param_required_to_optional\n2026-01-20T13:03:40.5503654Z     solver::subtype::tests::test_fn_rest_param_fixed_params_to_rest\n2026-01-20T13:03:40.5503829Z     solver::subtype::tests::test_generic_contravariant_param_position\n2026-01-20T13:03:40.5503970Z     solver::subtype::tests::test_intersection_union_distribution\n2026-01-20T13:03:40.5504099Z     solver::subtype::tests::test_invariant_ref_cell_pattern\n2026-01-20T13:03:40.5504279Z     solver::subtype::tests::test_mutable_property_invariant_different_types\n2026-01-20T13:03:40.5504414Z     solver::subtype::tests::test_template_literal_empty_parts\n2026-01-20T13:03:40.5504575Z     solver::subtype::tests::test_template_literal_pattern_multiple_parts\n2026-01-20T13:03:40.5504718Z     solver::subtype::tests::test_template_literal_pattern_prefix\n2026-01-20T13:03:40.5504856Z     solver::subtype::tests::test_template_literal_pattern_suffix\n2026-01-20T13:03:40.5505006Z     solver::subtype::tests::test_template_literal_pattern_with_union\n2026-01-20T13:03:40.5505217Z     solver::subtype::tests::test_this_parameter_void_this\n2026-01-20T13:03:40.5505355Z     solver::subtype::tests::test_tuple_intersection_incompatible\n2026-01-20T13:03:40.5505535Z     solver::subtype::tests::test_variance_optional_param_covariant_optionality\n2026-01-20T13:03:40.5505649Z     solver::subtype_tests::test_array_intersection\n2026-01-20T13:03:40.5505786Z     solver::subtype_tests::test_constructor_optional_parameter\n2026-01-20T13:03:40.5506175Z     solver::subtype_tests::test_fn_optional_param_mixed_required_optional\n2026-01-20T13:03:40.5506362Z     solver::subtype_tests::test_fn_optional_param_multiple_optional\n2026-01-20T13:03:40.5506540Z     solver::subtype_tests::test_fn_optional_param_required_to_optional\n2026-01-20T13:03:40.5506692Z     solver::subtype_tests::test_fn_rest_param_fixed_params_to_rest\n2026-01-20T13:03:40.5506851Z     solver::subtype_tests::test_generic_contravariant_param_position\n2026-01-20T13:03:40.5506992Z     solver::subtype_tests::test_intersection_union_distribution\n2026-01-20T13:03:40.5507124Z     solver::subtype_tests::test_invariant_ref_cell_pattern\n2026-01-20T13:03:40.5507302Z     solver::subtype_tests::test_mutable_property_invariant_different_types\n2026-01-20T13:03:40.5507441Z     solver::subtype_tests::test_template_literal_empty_parts\n2026-01-20T13:03:40.5507605Z     solver::subtype_tests::test_template_literal_pattern_multiple_parts\n2026-01-20T13:03:40.5507750Z     solver::subtype_tests::test_template_literal_pattern_prefix\n2026-01-20T13:03:40.5507886Z     solver::subtype_tests::test_template_literal_pattern_suffix\n2026-01-20T13:03:40.5508033Z     solver::subtype_tests::test_template_literal_pattern_with_union\n2026-01-20T13:03:40.5508153Z     solver::subtype_tests::test_this_parameter_void_this\n2026-01-20T13:03:40.5508306Z     solver::subtype_tests::test_tuple_intersection_incompatible\n2026-01-20T13:03:40.5508487Z     solver::subtype_tests::test_variance_optional_param_covariant_optionality\n2026-01-20T13:03:40.5508495Z \n2026-01-20T13:03:40.5508765Z test result: FAILED. 5502 passed; 101 failed; 0 ignored; 0 measured; 5022 filtered out; finished in 0.89s\n```\n\n## Binder\n\n```\nfailures:\n\n---- thin_binder_tests::test_const_enum_declaration stdout ----\n\nthread 'thin_binder_tests::test_const_enum_declaration' (4037) panicked at src/thin_binder_tests.rs:1523:5:\nassertion `left == right` failed: Priority should have CONST_ENUM flag\n  left: 0\n right: 128\nnote: run with `RUST_BACKTRACE=1` environment variable to display a backtrace\n\n---- thin_binder_tests::test_re_export_from_module stdout ----\n\nthread 'thin_binder_tests::test_re_export_from_module' (4066) panicked at src/thin_binder_tests.rs:2149:5:\nassertion failed: binder.file_locals.has(\"foo\")\n\n---- thin_binder_tests::test_var_hoisting stdout ----\n\nthread 'thin_binder_tests::test_var_hoisting' (4095) panicked at src/thin_binder_tests.rs:2010:5:\nassertion failed: binder.file_locals.has(\"x\")\n\nfailures:\n    thin_binder_tests::test_const_enum_declaration\n    thin_binder_tests::test_re_export_from_module\n    thin_binder_tests::test_var_hoisting\n\ntest result: FAILED. 54 passed; 3 failed; 0 ignored; 0 measured; 10568 filtered out; finished in 0.02s\n```\n\n## Checker\n\n```\nrunning 543 tests\ntest thin_checker_tests::test_abstract_class_in_local_scope_2511 ... ok\ntest thin_checker_tests::test_abstractPropertyNegative_errors ... ok\ntest thin_checker_tests::test_abstract_class_instantiation_error ... ok\ntest thin_checker_tests::test_abstract_class_through_type_alias_2511 ... ok\ntest thin_checker_tests::test_abstract_class_union_type_2511 ... ok\ntest thin_checker_tests::test_abstract_constructor_type_parses ... ok\ntest thin_checker_tests::test_abstract_constructor_assignability ... ok\ntest thin_checker_tests::test_abstract_mixin_intersection_ts2339 ... ok\ntest thin_checker_tests::test_abstract_property_in_constructor_2715 ... ok\ntest thin_checker_tests::test_accessor_modifier_declaration_no_ts2304 ... ok\ntest thin_checker_tests::test_abstract_to_concrete_constructor_not_assignable ... FAILED\ntest thin_checker_tests::test_accessor_type_compatibility_2322 ... ok\ntest thin_checker_tests::test_accessor_type_compatibility_typeof_structural ... ok\ntest thin_checker_tests::test_ambient_module_absolute_path_ok ... ok\ntest thin_checker_tests::test_ambient_module_declaration_resolves_import ... ok\ntest thin_checker_tests::test_ambient_module_export_default_resolves_local ... ok\ntest thin_checker_tests::test_ambient_module_relative_path_5061 ... ok\ntest thin_checker_tests::test_any_type_assignable_to_specific ... ok\ntest thin_checker_tests::test_any_type_never_relationship ... ok\ntest thin_checker_tests::test_any_type_in_function_calls ... ok\ntest thin_checker_tests::test_apparent_members_on_primitives ... ok\ntest thin_checker_tests::test_any_type_propagation ... ok\ntest thin_checker_tests::test_union_optional_object_literal_excess_property ... ok\ntest thin_checker_tests::test_union_optional_object_literal_no_common_property ... ok\ntest thin_checker_tests::test_union_optional_variable_assignment_no_common_properties ... ok\ntest thin_checker_tests::test_union_with_index_signature_4111 ... ok\ntest thin_checker_tests::test_unterminated_template_expression_reports_missing_name ... ok\ntest thin_checker_tests::test_use_before_assignment_basic_flow ... ok\ntest thin_checker_tests::test_use_before_assignment_for_of_initializer ... ok\ntest thin_checker_tests::test_use_before_assignment_try_catch ... ok\ntest thin_checker_tests::test_value_symbol_used_as_type_error ... ok\ntest thin_checker_tests::test_variable_redeclaration_array_spread_no_2403 ... FAILED\ntest thin_checker_tests::test_variable_redeclaration_different_type_2403 ... ok\ntest thin_checker_tests::test_variable_redeclaration_enum_object_literal_no_2403 ... ok\ntest thin_checker_tests::test_variable_redeclaration_inferred_vs_annotated_no_2403 ... ok\ntest thin_checker_tests::test_variable_redeclaration_same_type ... ok\ntest thin_checker_tests::test_variable_redeclaration_typeof_ok_no_2403 ... ok\ntest thin_checker_tests::test_variable_self_reference_no_2403 ... ok\ntest thin_checker_tests::test_variadic_tuple_optional_tail_inference_no_ts2769 ... ok\ntest thin_checker_tests::test_variadic_tuple_rest_param_no_ts2769 ... ok\ntest thin_checker_tests::test_void_return_exception_assignability ... ok\ntest thin_checker_tests::test_weak_type_detection_in_checker ... ok\ntest thin_checker_tests::test_ts2695_comma_operator_edge_cases has been running for over 60 seconds\n```"
  },
  "repo": {
    "owner": "mohsen1",
    "name": "tsz"
  },
  "phase": "worker_execution",
  "workBranch": "cco/72-fix-unit-tests",
  "baseBranch": "main",
  "ems": [
    {
      "id": 1,
      "task": "Fix solver evaluate tests (27 failures) - conditional type inference, distributive types, object property access, and keyof operations on intersections. Focus on conditional type resolution logic and union distribution behavior.",
      "focusArea": "Solver Evaluate",
      "branch": "cco/issue-72-em-1",
      "status": "workers_running",
      "workers": [
        {
          "id": 1,
          "task": "Fix conditional type inference with constraints and distributive behavior - Focus on array element inference, extract state pattern, nested object properties with constraints, and distributive conditional type resolution logic in src/solver/evaluate.rs (evaluate_conditional function ~lines 4651+)",
          "files": [
            "src/solver/evaluate.rs"
          ],
          "branch": "cco/issue-72-em-1-w-1",
          "status": "pending",
          "reviewsAddressed": 0
        },
        {
          "id": 2,
          "task": "Fix object call signature inference and object property access - Focus on distributive vs non-distributive union input handling, callable union branches, optional/rest parameters, and object property constraint resolution in src/solver/evaluate.rs (evaluate_conditional and evaluate_index_access functions)",
          "files": [
            "src/solver/evaluate.rs"
          ],
          "branch": "cco/issue-72-em-1-w-2",
          "status": "pending",
          "reviewsAddressed": 0
        },
        {
          "id": 3,
          "task": "Fix keyof operations on intersections, distribution over intersections with primitives, distributive with any input, mapped type key remapping, module augmentation namespace merge, return type type predicate, and template literal extends pattern in src/solver/evaluate.rs (evaluate_keyof, evaluate_mapped, evaluate_type functions)",
          "files": [
            "src/solver/evaluate.rs"
          ],
          "branch": "cco/issue-72-em-1-w-3",
          "status": "pending",
          "reviewsAddressed": 0
        }
      ],
      "reviewsAddressed": 0,
      "startedAt": "2026-01-20T14:29:20.732Z"
    },
    {
      "id": 2,
      "task": "Fix solver subtype tests (26 failures) - optional parameter handling, rest parameters, function type variance, tuple/intersection compatibility, template literal patterns, and mutable property invariance. Focus on subtype relationship checking.",
      "focusArea": "Solver Subtype",
      "branch": "cco/issue-72-em-2",
      "status": "pending",
      "workers": [],
      "reviewsAddressed": 0,
      "startedAt": "2026-01-20T14:29:20.732Z"
    },
    {
      "id": 3,
      "task": "Fix solver integration tests (8 failures) - function parameter mismatch detection, generic constraint enforcement, strict mode behavior with 'any', and 'this' parameter fallback. Focus on integration-level type checking behavior.",
      "focusArea": "Solver Integration",
      "branch": "cco/issue-72-em-3",
      "status": "pending",
      "workers": [],
      "reviewsAddressed": 0,
      "startedAt": "2026-01-20T14:29:20.732Z"
    },
    {
      "id": 4,
      "task": "Fix solver operations tests (8 failures) - generic constraint dependencies, canonical numeric property handling, and tuple rest parameter inference. Focus on type operation implementations.",
      "focusArea": "Solver Operations",
      "branch": "cco/issue-72-em-4",
      "status": "pending",
      "workers": [],
      "reviewsAddressed": 0,
      "startedAt": "2026-01-20T14:29:20.732Z"
    },
    {
      "id": 5,
      "task": "Fix solver infer tests (4 failures) - function 'this' parameter optional target resolution and variance in conditional types. Focus on type inference logic.",
      "focusArea": "Solver Infer",
      "branch": "cco/issue-72-em-5",
      "status": "pending",
      "workers": [],
      "reviewsAddressed": 0,
      "startedAt": "2026-01-20T14:29:20.732Z"
    },
    {
      "id": 6,
      "task": "Fix binder tests (3 failures) - const enum declaration priority flags, re-export tracking, and variable hoisting in file locals. Focus on binder's symbol table and priority flag management.",
      "focusArea": "Binder",
      "branch": "cco/issue-72-em-6",
      "status": "pending",
      "workers": [],
      "reviewsAddressed": 0,
      "startedAt": "2026-01-20T14:29:20.732Z"
    },
    {
      "id": 7,
      "task": "Fix checker tests (2 failures, 1 timeout) - abstract constructor assignability and variable redeclaration with array spread. Investigate and fix the timeout issue in comma operator edge cases test.",
      "focusArea": "Checker",
      "branch": "cco/issue-72-em-7",
      "status": "pending",
      "workers": [],
      "reviewsAddressed": 0,
      "startedAt": "2026-01-20T14:29:20.732Z"
    }
  ],
  "config": {
    "maxEms": 24,
    "maxWorkersPerEm": 3,
    "reviewWaitMinutes": 10,
    "prLabel": "cco"
  },
  "createdAt": "2026-01-20T14:26:48.737Z",
  "updatedAt": "2026-01-20T14:32:24.258Z",
  "analysisSummary": "Fix 106 failing unit tests across the solver, binder, and checker components. The solver has the majority of failures (101 tests) related to conditional type inference, distributive types, subtype relationships, and generic handling. The binder has 3 failures related to const enum priority flags and file locals tracking. The checker has 2 failures and 1 timeout related to abstract constructors and variable redeclaration."
}